(1/600) 10 6 2 -> 41.07
(2/600) 8 1 3 -> 42.85
(3/600) 1 5 7 -> 44.64
(4/600) 5 3 4 -> 41.07
(5/600) 5 3 5 -> 41.07
(6/600) 9 4 7 -> 42.85
(7/600) 1 3 7 -> 44.64
(8/600) 2 4 8 -> 42.85
(9/600) 8 5 7 -> 41.07
(10/600) 5 8 6 -> 44.64
(11/600) 1 5 5 -> 44.64
(12/600) 1 7 7 -> 46.42
(13/600) 2 3 4 -> 42.85
(14/600) 10 2 8 -> 42.85
(15/600) 10 3 6 -> 42.85
(16/600) 11 8 2 -> 44.64
(17/600) 9 6 6 -> 39.28
(18/600) 5 2 3 -> 42.85
(19/600) 11 2 5 -> 42.85
(20/600) 1 7 1 -> 41.07
(21/600) 1 5 3 -> 44.64
(22/600) 4 3 8 -> 42.85
(23/600) 4 5 1 -> 41.07
(24/600) 5 7 3 -> 42.85
(25/600) 7 1 6 -> 42.85
(26/600) 10 6 8 -> 41.07
(27/600) 9 7 3 -> 44.64
(28/600) 4 3 1 -> 41.07
(29/600) 5 6 6 -> 42.85
(30/600) 1 1 1 -> 44.64
(31/600) 11 6 3 -> 42.85
(32/600) 5 7 4 -> 44.64
(33/600) 10 6 4 -> 41.07
(34/600) 1 5 1 -> 41.07
(35/600) 5 6 6 -> 42.85
(36/600) 8 8 3 -> 41.07
(37/600) 8 1 7 -> 42.85
(38/600) 11 4 1 -> 44.64
(39/600) 1 4 1 -> 41.07
(40/600) 1 2 7 -> 44.64
(41/600) 11 6 6 -> 39.28
(42/600) 9 5 4 -> 39.28
(43/600) 7 5 3 -> 42.85
(44/600) 6 4 5 -> 41.07
(45/600) 5 2 5 -> 42.85
(46/600) 4 1 5 -> 42.85
(47/600) 11 4 8 -> 42.85
(48/600) 1 7 6 -> 46.42
(49/600) 2 6 2 -> 41.07
(50/600) 2 2 3 -> 41.07
(51/600) 10 4 8 -> 42.85
(52/600) 6 3 6 -> 42.85
(53/600) 2 6 1 -> 41.07
(54/600) 11 2 6 -> 42.85
(55/600) 10 6 5 -> 41.07
(56/600) 5 7 5 -> 44.64
(57/600) 1 7 2 -> 42.85
(58/600) 6 6 5 -> 41.07
(59/600) 10 8 5 -> 41.07
(60/600) 7 8 1 -> 41.07
(61/600) 6 8 1 -> 41.07
(62/600) 1 6 8 -> 44.64
(63/600) 4 1 6 -> 42.85
(64/600) 4 2 7 -> 42.85
(65/600) 10 3 8 -> 42.85
(66/600) 3 2 3 -> 41.07
(67/600) 5 7 1 -> 41.07
(68/600) 9 7 8 -> 41.07
(69/600) 7 8 7 -> 42.85
(70/600) 4 5 7 -> 41.07
(71/600) 6 5 7 -> 41.07
(72/600) 4 2 4 -> 42.85
(73/600) 9 1 6 -> 42.85
(74/600) 11 5 5 -> 41.07
(75/600) 6 8 3 -> 41.07
(76/600) 4 5 5 -> 41.07
(77/600) 9 7 3 -> 44.64
(78/600) 10 2 2 -> 42.85
(79/600) 10 4 2 -> 42.85
(80/600) 8 2 7 -> 42.85
(81/600) 4 7 5 -> 41.07
(82/600) 8 1 7 -> 42.85
(83/600) 7 4 7 -> 41.07
(84/600) 5 3 3 -> 39.28
(85/600) 1 1 4 -> 42.85
(86/600) 11 3 3 -> 41.07
(87/600) 9 6 3 -> 44.64
(88/600) 9 3 1 -> 41.07
(89/600) 10 3 8 -> 42.85
(90/600) 9 5 5 -> 39.28
(91/600) 4 6 3 -> 41.07
(92/600) 7 7 2 -> 41.07
(93/600) 11 2 3 -> 42.85
(94/600) 2 1 1 -> 42.85
(95/600) 2 7 8 -> 42.85
(96/600) 7 2 7 -> 42.85
(97/600) 6 3 8 -> 42.85
(98/600) 6 3 8 -> 42.85
(99/600) 6 8 1 -> 41.07
(100/600) 3 7 4 -> 46.42
(101/600) 8 3 4 -> 42.85
(102/600) 10 1 5 -> 42.85
(103/600) 4 2 8 -> 44.64
(104/600) 11 3 1 -> 41.07
(105/600) 1 7 5 -> 46.42
(106/600) 7 3 5 -> 42.85
(107/600) 3 6 5 -> 44.64
(108/600) 1 7 8 -> 46.42
(109/600) 3 5 7 -> 42.85
(110/600) 4 5 5 -> 41.07
(111/600) 6 4 7 -> 41.07
(112/600) 4 6 5 -> 41.07
(113/600) 11 2 2 -> 42.85
(114/600) 6 7 8 -> 41.07
(115/600) 4 1 4 -> 42.85
(116/600) 3 7 4 -> 46.42
(117/600) 1 6 2 -> 42.85
(118/600) 5 4 7 -> 41.07
(119/600) 8 3 2 -> 42.85
(120/600) 6 6 7 -> 41.07
(121/600) 7 3 2 -> 39.28
(122/600) 4 4 8 -> 42.85
(123/600) 11 3 1 -> 41.07
(124/600) 8 2 8 -> 42.85
(125/600) 9 6 3 -> 44.64
(126/600) 11 7 6 -> 39.28
(127/600) 6 2 7 -> 42.85
(128/600) 10 8 2 -> 41.07
(129/600) 1 8 4 -> 44.64
(130/600) 4 6 5 -> 41.07
(131/600) 11 4 3 -> 42.85
(132/600) 4 3 7 -> 41.07
(133/600) 8 6 4 -> 41.07
(134/600) 10 6 4 -> 41.07
(135/600) 9 4 8 -> 42.85
(136/600) 3 3 8 -> 42.85
(137/600) 6 1 2 -> 42.85
(138/600) 7 2 4 -> 42.85
(139/600) 9 8 4 -> 44.64
(140/600) 11 7 2 -> 46.42
(141/600) 8 8 8 -> 41.07
(142/600) 1 4 1 -> 41.07
(143/600) 9 5 5 -> 39.28
(144/600) 3 8 7 -> 46.42
(145/600) 8 8 3 -> 41.07
(146/600) 5 5 4 -> 42.85
(147/600) 9 3 2 -> 42.85
(148/600) 5 8 3 -> 44.64
(149/600) 8 3 7 -> 42.85
(150/600) 1 1 2 -> 42.85
(151/600) 2 8 4 -> 42.85
(152/600) 2 6 4 -> 42.85
(153/600) 1 8 3 -> 42.85
(154/600) 4 5 4 -> 41.07
(155/600) 5 4 6 -> 41.07
(156/600) 9 7 1 -> 41.07
(157/600) 9 3 2 -> 42.85
(158/600) 11 3 4 -> 42.85
(159/600) 3 8 5 -> 46.42
(160/600) 8 2 3 -> 42.85
(161/600) 3 1 8 -> 44.64
(162/600) 9 8 2 -> 41.07
(163/600) 6 8 6 -> 41.07
(164/600) 8 5 8 -> 41.07
(165/600) 3 3 3 -> 44.64
(166/600) 6 6 3 -> 41.07
(167/600) 8 5 4 -> 41.07
(168/600) 5 5 2 -> 44.64
(169/600) 8 5 2 -> 41.07
(170/600) 4 8 4 -> 41.07
(171/600) 1 2 2 -> 46.42
(172/600) 8 3 1 -> 42.85
(173/600) 4 6 3 -> 41.07
(174/600) 4 6 4 -> 41.07
(175/600) 2 2 8 -> 42.85
(176/600) 7 7 5 -> 41.07
(177/600) 7 6 8 -> 41.07
(178/600) 3 7 6 -> 46.42
(179/600) 5 8 6 -> 44.64
(180/600) 9 5 6 -> 41.07
(181/600) 5 7 5 -> 44.64
(182/600) 8 6 4 -> 41.07
(183/600) 6 4 8 -> 41.07
(184/600) 4 6 5 -> 41.07
(185/600) 8 1 1 -> 42.85
(186/600) 6 2 8 -> 42.85
(187/600) 2 7 2 -> 41.07
(188/600) 11 6 3 -> 42.85
(189/600) 10 6 2 -> 41.07
(190/600) 8 1 5 -> 42.85
(191/600) 1 7 8 -> 46.42
(192/600) 5 7 7 -> 42.85
(193/600) 10 7 7 -> 41.07
(194/600) 8 6 3 -> 41.07
(195/600) 2 7 1 -> 41.07
(196/600) 9 2 2 -> 42.85
(197/600) 1 1 8 -> 44.64
(198/600) 10 3 4 -> 42.85
(199/600) 7 3 3 -> 41.07
(200/600) 4 5 5 -> 41.07
(201/600) 9 1 1 -> 42.85
(202/600) 4 5 3 -> 41.07
(203/600) 8 7 8 -> 41.07
(204/600) 11 7 7 -> 39.28
(205/600) 10 3 1 -> 42.85
(206/600) 7 4 7 -> 41.07
(207/600) 3 8 1 -> 41.07
(208/600) 1 2 2 -> 46.42
(209/600) 9 8 5 -> 42.85
(210/600) 2 6 3 -> 41.07
(211/600) 6 4 7 -> 41.07
(212/600) 3 6 7 -> 44.64
(213/600) 8 2 8 -> 42.85
(214/600) 1 8 6 -> 48.21
(215/600) 11 7 7 -> 39.28
(216/600) 7 7 8 -> 41.07
(217/600) 10 6 6 -> 41.07
(218/600) 9 1 5 -> 42.85
(219/600) 2 5 6 -> 42.85
(220/600) 6 4 3 -> 41.07
(221/600) 6 2 4 -> 42.85
(222/600) 8 4 4 -> 42.85
(223/600) 3 5 1 -> 41.07
(224/600) 6 4 1 -> 41.07
(225/600) 4 4 6 -> 41.07
(226/600) 7 3 5 -> 42.85
(227/600) 11 5 8 -> 42.85
(228/600) 3 8 4 -> 44.64
(229/600) 4 1 6 -> 42.85
(230/600) 6 6 3 -> 41.07
(231/600) 6 3 5 -> 42.85
(232/600) 11 4 5 -> 42.85
(233/600) 10 4 5 -> 42.85
(234/600) 5 1 7 -> 42.85
(235/600) 11 3 2 -> 42.85
(236/600) 4 2 8 -> 44.64
(237/600) 10 1 6 -> 42.85
(238/600) 6 6 7 -> 41.07
(239/600) 10 7 5 -> 41.07
(240/600) 11 3 8 -> 42.85
(241/600) 6 2 2 -> 42.85
(242/600) 4 4 2 -> 41.07
(243/600) 8 6 2 -> 41.07
(244/600) 4 5 5 -> 41.07
(245/600) 3 6 5 -> 44.64
(246/600) 8 1 8 -> 42.85
(247/600) 6 2 5 -> 42.85
(248/600) 7 3 4 -> 42.85
(249/600) 9 4 4 -> 41.07
(250/600) 8 5 3 -> 41.07
(251/600) 11 5 8 -> 42.85
(252/600) 7 5 7 -> 41.07
(253/600) 1 3 6 -> 42.85
(254/600) 1 3 2 -> 48.21
(255/600) 4 1 3 -> 42.85
(256/600) 11 5 7 -> 42.85
(257/600) 8 4 5 -> 42.85
(258/600) 5 5 8 -> 41.07
(259/600) 1 1 1 -> 44.64
(260/600) 11 6 7 -> 41.07
(261/600) 9 1 8 -> 42.85
(262/600) 4 5 5 -> 41.07
(263/600) 9 1 2 -> 42.85
(264/600) 6 4 5 -> 41.07
(265/600) 9 4 5 -> 42.85
(266/600) 11 7 6 -> 39.28
(267/600) 5 3 3 -> 39.28
(268/600) 2 4 3 -> 41.07
(269/600) 2 1 3 -> 42.85
(270/600) 1 1 4 -> 42.85
(271/600) 4 2 4 -> 42.85
(272/600) 6 5 3 -> 41.07
(273/600) 2 7 1 -> 41.07
(274/600) 6 3 7 -> 42.85
(275/600) 9 6 4 -> 44.64
(276/600) 5 3 3 -> 39.28
(277/600) 2 7 7 -> 44.64
(278/600) 7 6 1 -> 41.07
(279/600) 7 4 2 -> 42.85
(280/600) 4 1 4 -> 42.85
(281/600) 3 4 6 -> 42.85
(282/600) 7 3 1 -> 46.42
(283/600) 11 7 2 -> 46.42
(284/600) 3 6 3 -> 42.85
(285/600) 1 1 7 -> 44.64
(286/600) 3 6 5 -> 44.64
(287/600) 9 7 3 -> 44.64
(288/600) 3 7 7 -> 46.42
(289/600) 8 3 2 -> 42.85
(290/600) 7 1 8 -> 42.85
(291/600) 10 7 5 -> 41.07
(292/600) 7 5 8 -> 41.07
(293/600) 8 5 8 -> 41.07
(294/600) 1 3 1 -> 41.07
(295/600) 2 5 4 -> 42.85
(296/600) 10 5 8 -> 42.85
(297/600) 9 4 1 -> 46.42
(298/600) 7 5 2 -> 44.64
(299/600) 10 4 1 -> 42.85
(300/600) 7 4 8 -> 41.07
(301/600) 8 1 7 -> 42.85
(302/600) 2 1 3 -> 42.85
(303/600) 7 2 4 -> 42.85
(304/600) 7 8 7 -> 42.85
(305/600) 6 2 1 -> 42.85
(306/600) 1 2 7 -> 44.64
(307/600) 5 6 7 -> 41.07
(308/600) 11 1 3 -> 42.85
(309/600) 10 1 2 -> 42.85
(310/600) 8 1 7 -> 42.85
(311/600) 6 6 2 -> 41.07
(312/600) 8 6 5 -> 41.07
(313/600) 4 2 1 -> 42.85
(314/600) 7 8 8 -> 42.85
(315/600) 10 4 5 -> 42.85
(316/600) 1 1 5 -> 42.85
(317/600) 3 2 2 -> 39.28
(318/600) 11 1 7 -> 42.85
(319/600) 10 4 5 -> 42.85
(320/600) 5 1 5 -> 42.85
(321/600) 6 8 1 -> 41.07
(322/600) 6 1 8 -> 42.85
(323/600) 8 5 1 -> 41.07
(324/600) 7 8 7 -> 42.85
(325/600) 10 5 4 -> 42.85
(326/600) 7 8 8 -> 42.85
(327/600) 1 7 3 -> 44.64
(328/600) 11 2 7 -> 42.85
(329/600) 9 4 2 -> 41.07
(330/600) 11 7 5 -> 44.64
(331/600) 1 3 2 -> 48.21
(332/600) 7 8 2 -> 42.85
(333/600) 7 4 5 -> 41.07
(334/600) 7 6 1 -> 41.07
(335/600) 2 4 8 -> 42.85
(336/600) 3 4 8 -> 42.85
(337/600) 9 7 7 -> 39.28
(338/600) 4 2 8 -> 44.64
(339/600) 7 3 5 -> 42.85
(340/600) 1 1 7 -> 44.64
(341/600) 7 3 7 -> 42.85
(342/600) 9 5 7 -> 41.07
(343/600) 8 3 2 -> 42.85
(344/600) 3 5 8 -> 42.85
(345/600) 8 3 1 -> 42.85
(346/600) 5 3 6 -> 41.07
(347/600) 4 8 8 -> 42.85
(348/600) 9 4 5 -> 42.85
(349/600) 7 6 7 -> 41.07
(350/600) 1 1 5 -> 42.85
(351/600) 11 6 4 -> 42.85
(352/600) 4 6 2 -> 41.07
(353/600) 3 4 4 -> 42.85
(354/600) 5 2 1 -> 41.07
(355/600) 7 4 6 -> 41.07
(356/600) 1 7 4 -> 42.85
(357/600) 8 2 7 -> 42.85
(358/600) 10 5 5 -> 42.85
(359/600) 5 4 1 -> 41.07
(360/600) 3 8 7 -> 46.42
(361/600) 11 4 1 -> 44.64
(362/600) 8 8 3 -> 41.07
(363/600) 11 8 5 -> 42.85
(364/600) 5 5 4 -> 42.85
(365/600) 9 7 7 -> 39.28
(366/600) 10 7 6 -> 41.07
(367/600) 9 5 2 -> 44.64
(368/600) 9 4 3 -> 39.28
(369/600) 5 4 5 -> 41.07
(370/600) 6 8 1 -> 41.07
(371/600) 4 6 5 -> 41.07
(372/600) 2 6 7 -> 44.64
(373/600) 5 3 8 -> 41.07
(374/600) 5 6 4 -> 42.85
(375/600) 10 2 5 -> 42.85
(376/600) 3 4 2 -> 46.42
(377/600) 8 5 5 -> 41.07
(378/600) 5 1 6 -> 42.85
(379/600) 10 8 4 -> 41.07
(380/600) 10 6 5 -> 41.07
(381/600) 11 1 4 -> 42.85
(382/600) 8 6 2 -> 41.07
(383/600) 2 8 7 -> 44.64
(384/600) 5 8 1 -> 41.07
(385/600) 10 6 3 -> 41.07
(386/600) 8 4 8 -> 42.85
(387/600) 5 3 1 -> 44.64
(388/600) 3 4 6 -> 42.85
(389/600) 5 1 6 -> 42.85
(390/600) 11 2 2 -> 42.85
(391/600) 4 6 2 -> 41.07
(392/600) 5 7 2 -> 42.85
(393/600) 1 3 3 -> 46.42
(394/600) 8 3 4 -> 42.85
(395/600) 10 6 3 -> 41.07
(396/600) 9 1 6 -> 42.85
(397/600) 11 2 8 -> 42.85
(398/600) 5 2 1 -> 41.07
(399/600) 2 1 7 -> 42.85
(400/600) 7 4 4 -> 39.28
(401/600) 10 6 8 -> 41.07
(402/600) 4 6 7 -> 41.07
(403/600) 7 3 8 -> 42.85
(404/600) 11 2 8 -> 42.85
(405/600) 3 2 8 -> 42.85
(406/600) 7 5 7 -> 41.07
(407/600) 9 8 2 -> 41.07
(408/600) 6 2 6 -> 42.85
(409/600) 2 8 1 -> 41.07
(410/600) 6 6 4 -> 41.07
(411/600) 4 4 2 -> 41.07
(412/600) 2 8 8 -> 42.85
(413/600) 1 2 5 -> 42.85
(414/600) 7 8 5 -> 44.64
(415/600) 2 5 3 -> 41.07
(416/600) 7 4 2 -> 42.85
(417/600) 4 4 5 -> 41.07
(418/600) 4 6 8 -> 42.85
(419/600) 9 8 6 -> 44.64
(420/600) 11 2 6 -> 42.85
(421/600) 5 7 2 -> 42.85
(422/600) 11 8 1 -> 41.07
(423/600) 7 1 1 -> 42.85
(424/600) 6 6 8 -> 41.07
(425/600) 3 8 6 -> 48.21
(426/600) 6 8 3 -> 41.07
(427/600) 8 2 1 -> 42.85
(428/600) 7 6 2 -> 46.42
(429/600) 7 7 2 -> 41.07
(430/600) 5 4 6 -> 41.07
(431/600) 1 4 3 -> 48.21
(432/600) 8 4 1 -> 42.85
(433/600) 10 7 3 -> 41.07
(434/600) 4 4 2 -> 41.07
(435/600) 7 1 8 -> 42.85
(436/600) 2 6 1 -> 41.07
(437/600) 5 2 3 -> 42.85
(438/600) 10 5 6 -> 42.85
(439/600) 11 3 3 -> 41.07
(440/600) 9 2 7 -> 42.85
(441/600) 6 5 3 -> 41.07
(442/600) 1 6 8 -> 44.64
(443/600) 7 2 7 -> 42.85
(444/600) 3 4 1 -> 42.85
(445/600) 1 3 5 -> 42.85
(446/600) 6 4 2 -> 41.07
(447/600) 5 1 4 -> 42.85
(448/600) 6 6 5 -> 41.07
(449/600) 5 2 6 -> 42.85
(450/600) 6 7 3 -> 41.07
(451/600) 1 3 8 -> 44.64
(452/600) 7 8 6 -> 42.85
(453/600) 6 1 5 -> 42.85
(454/600) 7 8 6 -> 42.85
(455/600) 11 8 7 -> 41.07
(456/600) 4 7 8 -> 42.85
(457/600) 3 6 4 -> 46.42
(458/600) 7 4 3 -> 41.07
(459/600) 6 4 1 -> 41.07
(460/600) 10 6 6 -> 41.07
(461/600) 7 7 8 -> 41.07
(462/600) 11 7 6 -> 39.28
(463/600) 5 6 5 -> 42.85
(464/600) 7 4 3 -> 41.07
(465/600) 8 2 4 -> 42.85
(466/600) 11 4 6 -> 42.85
(467/600) 5 7 7 -> 42.85
(468/600) 2 3 3 -> 41.07
(469/600) 1 1 5 -> 42.85
(470/600) 3 1 5 -> 42.85
(471/600) 5 5 2 -> 44.64
(472/600) 4 4 1 -> 41.07
(473/600) 10 8 6 -> 41.07
(474/600) 8 5 5 -> 41.07
(475/600) 4 1 2 -> 42.85
(476/600) 3 4 1 -> 42.85
(477/600) 10 1 7 -> 42.85
(478/600) 9 7 2 -> 46.42
(479/600) 1 2 5 -> 42.85
(480/600) 5 6 4 -> 42.85
(481/600) 2 7 1 -> 41.07
(482/600) 8 4 6 -> 42.85
(483/600) 8 7 7 -> 41.07
(484/600) 4 5 1 -> 41.07
(485/600) 9 2 5 -> 42.85
(486/600) 8 2 7 -> 42.85
(487/600) 2 5 6 -> 42.85
(488/600) 7 6 8 -> 41.07
(489/600) 11 7 1 -> 41.07
(490/600) 4 5 4 -> 41.07
(491/600) 5 3 4 -> 41.07
(492/600) 8 7 7 -> 41.07
(493/600) 1 4 7 -> 44.64
(494/600) 10 7 5 -> 41.07
(495/600) 5 8 5 -> 46.42
(496/600) 1 1 7 -> 44.64
(497/600) 4 6 6 -> 41.07
(498/600) 1 2 6 -> 42.85
(499/600) 1 1 2 -> 42.85
(500/600) 6 3 7 -> 42.85
(501/600) 9 8 7 -> 42.85
(502/600) 9 8 6 -> 44.64
(503/600) 2 3 1 -> 41.07
(504/600) 3 1 3 -> 42.85
(505/600) 6 1 3 -> 42.85
(506/600) 7 1 2 -> 42.85
(507/600) 1 6 6 -> 44.64
(508/600) 9 8 4 -> 44.64
(509/600) 9 4 4 -> 41.07
(510/600) 10 1 7 -> 42.85
(511/600) 7 7 1 -> 41.07
(512/600) 6 4 4 -> 41.07
(513/600) 5 3 2 -> 44.64
(514/600) 3 3 4 -> 41.07
(515/600) 1 1 1 -> 44.64
(516/600) 1 1 2 -> 42.85
(517/600) 11 4 5 -> 42.85
(518/600) 7 2 3 -> 42.85
(519/600) 5 7 4 -> 44.64
(520/600) 9 5 4 -> 39.28
(521/600) 5 7 6 -> 42.85
(522/600) 2 7 3 -> 41.07
(523/600) 7 2 1 -> 41.07
(524/600) 7 1 4 -> 42.85
(525/600) 2 5 1 -> 41.07
(526/600) 11 2 8 -> 42.85
(527/600) 8 5 3 -> 41.07
(528/600) 8 3 1 -> 42.85
(529/600) 1 6 5 -> 48.21
(530/600) 4 1 6 -> 42.85
(531/600) 7 6 4 -> 42.85
(532/600) 4 6 5 -> 41.07
(533/600) 5 3 5 -> 41.07
(534/600) 5 3 8 -> 41.07
(535/600) 3 5 3 -> 44.64
(536/600) 3 8 2 -> 42.85
(537/600) 3 1 7 -> 44.64
(538/600) 5 6 8 -> 41.07
(539/600) 8 8 2 -> 41.07
(540/600) 2 4 2 -> 41.07
(541/600) 10 8 4 -> 41.07
(542/600) 11 2 1 -> 42.85
(543/600) 5 5 6 -> 41.07
(544/600) 5 8 8 -> 42.85
(545/600) 8 3 4 -> 42.85
(546/600) 4 7 1 -> 41.07
(547/600) 5 5 7 -> 41.07
(548/600) 6 6 5 -> 41.07
(549/600) 11 4 8 -> 42.85
(550/600) 7 2 3 -> 42.85
(551/600) 3 3 2 -> 42.85
(552/600) 3 1 6 -> 44.64
(553/600) 8 5 4 -> 41.07
(554/600) 4 5 5 -> 41.07
(555/600) 1 2 1 -> 42.85
(556/600) 3 8 7 -> 46.42
(557/600) 11 2 6 -> 42.85
(558/600) 6 2 3 -> 42.85
(559/600) 3 5 5 -> 42.85
(560/600) 4 7 6 -> 41.07
(561/600) 9 7 4 -> 44.64
(562/600) 1 1 3 -> 42.85
(563/600) 8 1 2 -> 42.85
(564/600) 8 3 3 -> 42.85
(565/600) 1 6 7 -> 46.42
(566/600) 4 2 4 -> 42.85
(567/600) 11 6 5 -> 39.28
(568/600) 3 7 3 -> 42.85
(569/600) 5 6 8 -> 41.07
(570/600) 3 4 3 -> 44.64
(571/600) 9 6 8 -> 41.07
(572/600) 4 1 3 -> 42.85
(573/600) 1 3 3 -> 46.42
(574/600) 5 8 7 -> 42.85
(575/600) 2 3 8 -> 42.85
(576/600) 1 5 8 -> 44.64
(577/600) 11 6 6 -> 39.28
(578/600) 1 1 7 -> 44.64
(579/600) 4 4 1 -> 41.07
(580/600) 5 1 3 -> 42.85
(581/600) 1 4 1 -> 41.07
(582/600) 10 4 1 -> 42.85
(583/600) 7 1 7 -> 42.85
