(1/120) 1 10 -> 44.64
(2/120) 6 7 -> 44.64
(3/120) 8 7 -> 48.22
(4/120) 7 4 -> 48.22
(5/120) 1 9 -> 44.64
(6/120) 1 3 -> 44.64
(7/120) 3 2 -> 48.22
(8/120) 1 3 -> 44.64
(9/120) 10 5 -> 48.22
(10/120) 6 2 -> 48.22
(11/120) 8 8 -> 46.42
(12/120) 7 7 -> 46.42
(13/120) 4 6 -> 44.64
(14/120) 2 9 -> 44.64
(15/120) 4 8 -> 44.64
(16/120) 2 10 -> 44.64
(17/120) 7 5 -> 48.22
(18/120) 8 1 -> 48.22
(19/120) 1 0 -> 48.22
(20/120) 9 2 -> 48.22
(21/120) 5 2 -> 48.22
(22/120) 10 0 -> 48.22
(23/120) 7 9 -> 44.64
(24/120) 10 5 -> 48.22
(25/120) 9 1 -> 48.22
(26/120) 0 4 -> 42.85
(27/120) 2 7 -> 44.64
(28/120) 10 2 -> 48.22
(29/120) 1 0 -> 48.22
(30/120) 5 4 -> 48.22
(31/120) 4 4 -> 46.42
(32/120) 4 5 -> 44.64
(33/120) 1 6 -> 44.64
(34/120) 9 10 -> 44.64
(35/120) 8 2 -> 48.22
(36/120) 7 4 -> 48.22
(37/120) 5 0 -> 48.22
(38/120) 10 2 -> 48.22
(39/120) 7 10 -> 44.64
(40/120) 4 4 -> 46.42
(41/120) 4 9 -> 44.64
(42/120) 4 7 -> 44.64
(43/120) 5 9 -> 44.64
(44/120) 7 2 -> 48.22
(45/120) 5 0 -> 48.22
(46/120) 3 1 -> 48.22
(47/120) 5 3 -> 48.22
(48/120) 7 1 -> 48.22
(49/120) 8 4 -> 48.22
(50/120) 0 5 -> 42.85
(51/120) 5 0 -> 48.22
(52/120) 7 10 -> 44.64
(53/120) 5 8 -> 44.64
(54/120) 6 10 -> 44.64
(55/120) 0 10 -> 42.85
(56/120) 9 0 -> 48.22
(57/120) 2 0 -> 48.22
(58/120) 6 5 -> 48.22
(59/120) 6 7 -> 44.64
(60/120) 4 6 -> 44.64
(61/120) 9 3 -> 48.22
(62/120) 9 7 -> 48.22
(63/120) 4 5 -> 44.64
(64/120) 4 7 -> 44.64
(65/120) 1 4 -> 44.64
(66/120) 7 1 -> 48.22
(67/120) 2 1 -> 48.22
(68/120) 2 4 -> 44.64
(69/120) 9 5 -> 48.22
(70/120) 9 4 -> 48.22
(71/120) 4 3 -> 48.22
(72/120) 6 10 -> 44.64
(73/120) 8 8 -> 46.42
(74/120) 4 10 -> 44.64
(75/120) 8 2 -> 48.22
(76/120) 8 1 -> 48.22
(77/120) 7 6 -> 48.22
(78/120) 6 4 -> 48.22
(79/120) 9 10 -> 44.64
(80/120) 0 4 -> 42.85
(81/120) 0 9 -> 42.85
(82/120) 4 9 -> 44.64
(83/120) 9 1 -> 48.22
(84/120) 5 1 -> 48.22
(85/120) 5 9 -> 44.64
(86/120) 7 2 -> 48.22
(87/120) 2 4 -> 44.64
(88/120) 9 3 -> 48.22
(89/120) 0 10 -> 42.85
(90/120) 0 7 -> 42.85
(91/120) 7 5 -> 48.22
(92/120) 10 10 -> 46.42
(93/120) 10 0 -> 48.22
(94/120) 1 4 -> 44.64
(95/120) 5 3 -> 48.22
(96/120) 1 4 -> 44.64
(97/120) 10 10 -> 46.42
(98/120) 1 7 -> 44.64
(99/120) 3 3 -> 46.42
(100/120) 3 8 -> 44.64
(101/120) 2 2 -> 46.42
(102/120) 9 5 -> 48.22
(103/120) 5 9 -> 44.64
(104/120) 0 1 -> 42.85
(105/120) 4 1 -> 48.22
(106/120) 6 6 -> 46.42
(107/120) 9 9 -> 46.42
(108/120) 7 7 -> 46.42
(109/120) 5 10 -> 44.64
(110/120) 2 10 -> 44.64
(111/120) 7 1 -> 48.22
(112/120) 3 5 -> 44.64
(113/120) 1 7 -> 44.64
(114/120) 9 1 -> 48.22
(115/120) 9 8 -> 48.22
(116/120) 1 8 -> 44.64
(117/120) 4 3 -> 48.22
(118/120) 8 9 -> 44.64
(119/120) 9 2 -> 48.22
(120/120) 9 6 -> 48.22
