(1/600) 3 3 2 18 -> 39.28
(2/600) 4 2 6 14 -> 42.85
(3/600) 4 5 4 10 -> 37.50
(4/600) 8 1 5 13 -> 44.64
(5/600) 5 4 5 10 -> 41.07
(6/600) 4 3 5 20 -> 42.85
(7/600) 10 1 5 13 -> 46.42
(8/600) 6 3 3 11 -> 44.64
(9/600) 8 1 5 9 -> 46.42
(10/600) 4 2 5 5 -> 46.42
(11/600) 4 1 5 19 -> 44.64
(12/600) 5 3 4 10 -> 44.64
(13/600) 9 3 4 14 -> 44.64
(14/600) 5 3 1 6 -> 39.28
(15/600) 3 3 6 13 -> 35.72
(16/600) 3 2 4 5 -> 41.07
(17/600) 5 5 1 19 -> 39.28
(18/600) 2 1 3 12 -> 42.85
(19/600) 8 1 5 15 -> 44.64
(20/600) 9 1 4 14 -> 44.64
(21/600) 10 3 1 5 -> 46.42
(22/600) 6 5 6 19 -> 41.07
(23/600) 2 1 6 17 -> 33.93
(24/600) 7 5 5 7 -> 41.07
(25/600) 4 1 6 17 -> 42.85
(26/600) 10 2 6 19 -> 44.64
(27/600) 3 1 4 5 -> 46.42
(28/600) 2 1 2 18 -> 44.64
(29/600) 3 4 2 14 -> 39.28
(30/600) 7 2 4 10 -> 44.64
(31/600) 6 2 6 20 -> 44.64
(32/600) 6 2 5 12 -> 44.64
(33/600) 3 4 6 19 -> 33.93
(34/600) 4 5 4 9 -> 37.50
(35/600) 3 2 3 18 -> 42.85
(36/600) 7 5 3 13 -> 39.28
(37/600) 7 4 6 5 -> 44.64
(38/600) 7 1 2 17 -> 44.64
(39/600) 4 2 1 6 -> 42.85
(40/600) 10 1 2 14 -> 44.64
(41/600) 9 3 6 5 -> 46.42
(42/600) 8 1 3 10 -> 44.64
(43/600) 9 4 3 7 -> 44.64
(44/600) 6 2 3 11 -> 44.64
(45/600) 2 2 5 16 -> 32.15
(46/600) 4 4 1 17 -> 39.28
(47/600) 8 5 2 16 -> 39.28
(48/600) 9 5 4 7 -> 41.07
(49/600) 2 3 6 12 -> 32.15
(50/600) 6 4 2 16 -> 39.28
(51/600) 7 2 5 13 -> 44.64
(52/600) 6 2 6 9 -> 46.42
(53/600) 4 5 6 20 -> 39.28
(54/600) 10 4 4 11 -> 46.42
(55/600) 7 1 3 12 -> 44.64
(56/600) 5 2 4 6 -> 44.64
(57/600) 6 5 5 19 -> 39.28
(58/600) 4 1 6 19 -> 42.85
(59/600) 7 2 1 12 -> 44.64
(60/600) 9 3 3 18 -> 44.64
(61/600) 7 3 2 6 -> 44.64
(62/600) 4 1 6 12 -> 42.85
(63/600) 5 2 5 8 -> 42.85
(64/600) 9 2 5 11 -> 46.42
(65/600) 10 2 4 15 -> 44.64
(66/600) 3 1 5 10 -> 42.85
(67/600) 7 2 3 13 -> 44.64
(68/600) 5 4 5 10 -> 41.07
(69/600) 5 5 4 19 -> 39.28
(70/600) 2 1 6 9 -> 33.93
(71/600) 9 4 1 6 -> 42.85
(72/600) 5 3 6 5 -> 42.85
(73/600) 3 3 6 15 -> 35.72
(74/600) 2 5 4 19 -> 33.93
(75/600) 6 1 2 9 -> 44.64
(76/600) 4 5 5 9 -> 39.28
(77/600) 4 4 3 14 -> 39.28
(78/600) 7 4 3 19 -> 39.28
(79/600) 3 1 6 17 -> 37.50
(80/600) 5 4 2 11 -> 39.28
(81/600) 5 1 2 17 -> 44.64
(82/600) 9 5 3 6 -> 41.07
(83/600) 2 4 5 10 -> 30.35
(84/600) 4 3 6 7 -> 42.85
(85/600) 2 2 2 18 -> 39.28
(86/600) 4 5 5 16 -> 39.28
(87/600) 2 4 2 20 -> 30.35
(88/600) 2 5 1 7 -> 28.57
(89/600) 10 1 5 18 -> 44.64
(90/600) 4 4 4 17 -> 39.28
(91/600) 10 1 3 8 -> 46.42
(92/600) 10 4 6 17 -> 42.85
(93/600) 5 2 4 14 -> 42.85
(94/600) 9 1 3 10 -> 46.42
(95/600) 4 2 4 20 -> 44.64
(96/600) 6 4 6 16 -> 42.85
(97/600) 6 3 3 13 -> 44.64
(98/600) 6 2 4 18 -> 44.64
(99/600) 9 2 1 9 -> 46.42
(100/600) 5 1 3 11 -> 44.64
(101/600) 6 5 6 5 -> 39.28
(102/600) 4 4 1 6 -> 39.28
(103/600) 6 2 1 8 -> 44.64
(104/600) 10 1 3 20 -> 44.64
(105/600) 5 3 6 14 -> 41.07
(106/600) 4 3 3 18 -> 39.28
(107/600) 10 2 4 18 -> 44.64
(108/600) 9 3 6 10 -> 46.42
(109/600) 8 2 6 11 -> 46.42
(110/600) 8 1 2 16 -> 44.64
(111/600) 10 5 3 8 -> 41.07
(112/600) 7 5 5 11 -> 41.07
(113/600) 10 2 2 8 -> 44.64
(114/600) 5 3 2 15 -> 39.28
(115/600) 4 4 5 8 -> 39.28
(116/600) 9 5 4 9 -> 41.07
(117/600) 2 1 5 13 -> 32.15
(118/600) 5 3 2 17 -> 39.28
(119/600) 7 1 3 17 -> 44.64
(120/600) 9 3 2 7 -> 44.64
(121/600) 8 3 2 5 -> 44.64
(122/600) 3 2 5 15 -> 39.28
(123/600) 6 2 6 10 -> 44.64
(124/600) 3 2 4 19 -> 41.07
(125/600) 7 4 6 19 -> 44.64
(126/600) 5 5 4 15 -> 39.28
(127/600) 5 1 5 13 -> 44.64
(128/600) 10 1 6 6 -> 46.42
(129/600) 4 2 3 20 -> 42.85
(130/600) 4 4 3 14 -> 39.28
(131/600) 8 5 2 7 -> 39.28
(132/600) 9 1 4 12 -> 44.64
(133/600) 3 5 2 7 -> 33.93
(134/600) 7 2 6 12 -> 44.64
(135/600) 7 5 5 8 -> 41.07
(136/600) 7 3 6 16 -> 42.85
(137/600) 7 2 5 9 -> 46.42
(138/600) 10 5 5 13 -> 46.42
(139/600) 8 3 4 16 -> 42.85
(140/600) 7 4 1 5 -> 39.28
(141/600) 8 4 5 9 -> 44.64
(142/600) 10 2 1 5 -> 46.42
(143/600) 3 2 5 19 -> 39.28
(144/600) 10 5 3 20 -> 41.07
(145/600) 3 2 5 14 -> 39.28
(146/600) 6 1 4 7 -> 46.42
(147/600) 2 3 5 12 -> 32.15
(148/600) 5 5 6 17 -> 39.28
(149/600) 4 3 6 11 -> 42.85
(150/600) 10 2 1 14 -> 44.64
(151/600) 6 2 6 13 -> 44.64
(152/600) 8 4 6 6 -> 42.85
(153/600) 8 5 5 10 -> 41.07
(154/600) 7 5 4 15 -> 39.28
(155/600) 7 1 1 12 -> 44.64
(156/600) 4 2 3 6 -> 42.85
(157/600) 4 5 4 5 -> 37.50
(158/600) 7 4 4 10 -> 41.07
(159/600) 7 2 3 20 -> 44.64
(160/600) 10 5 6 8 -> 42.85
(161/600) 8 4 5 9 -> 44.64
(162/600) 8 2 4 19 -> 44.64
(163/600) 7 3 6 15 -> 42.85
(164/600) 7 4 5 16 -> 44.64
(165/600) 6 5 5 6 -> 41.07
(166/600) 9 4 3 8 -> 44.64
(167/600) 10 1 4 18 -> 44.64
(168/600) 5 2 1 20 -> 44.64
(169/600) 3 2 2 14 -> 39.28
(170/600) 8 5 1 5 -> 39.28
(171/600) 3 3 3 9 -> 39.28
(172/600) 10 2 3 9 -> 44.64
(173/600) 7 2 3 11 -> 44.64
(174/600) 7 1 1 19 -> 44.64
(175/600) 3 5 4 19 -> 39.28
(176/600) 4 3 6 12 -> 42.85
(177/600) 10 3 1 16 -> 44.64
(178/600) 6 3 3 18 -> 44.64
(179/600) 9 3 1 11 -> 44.64
(180/600) 8 2 2 13 -> 44.64
(181/600) 2 3 3 11 -> 39.28
(182/600) 7 3 6 9 -> 44.64
(183/600) 6 2 4 17 -> 44.64
(184/600) 9 2 5 20 -> 44.64
(185/600) 3 2 4 16 -> 41.07
(186/600) 2 4 3 7 -> 33.93
(187/600) 8 2 1 17 -> 44.64
(188/600) 9 1 2 10 -> 44.64
(189/600) 4 3 2 13 -> 39.28
(190/600) 7 3 4 9 -> 44.64
(191/600) 2 3 5 11 -> 32.15
(192/600) 5 4 2 7 -> 39.28
(193/600) 2 2 6 13 -> 33.93
(194/600) 2 4 1 7 -> 30.35
(195/600) 8 4 4 16 -> 44.64
(196/600) 9 3 1 13 -> 44.64
(197/600) 9 4 3 9 -> 46.42
(198/600) 10 5 2 8 -> 42.85
(199/600) 2 5 5 6 -> 33.93
(200/600) 2 5 4 14 -> 33.93
(201/600) 8 2 6 15 -> 44.64
(202/600) 4 4 5 16 -> 39.28
(203/600) 5 2 1 20 -> 44.64
(204/600) 6 4 4 8 -> 41.07
(205/600) 7 3 5 18 -> 42.85
(206/600) 7 2 1 16 -> 44.64
(207/600) 2 1 6 16 -> 33.93
(208/600) 5 3 5 18 -> 42.85
(209/600) 3 3 2 14 -> 39.28
(210/600) 6 3 2 18 -> 41.07
(211/600) 4 4 6 10 -> 39.28
(212/600) 9 3 3 16 -> 44.64
(213/600) 9 2 1 20 -> 44.64
(214/600) 10 2 3 9 -> 44.64
(215/600) 2 1 6 11 -> 33.93
(216/600) 9 2 3 10 -> 46.42
(217/600) 6 5 4 9 -> 41.07
(218/600) 9 3 6 10 -> 46.42
(219/600) 10 1 5 9 -> 44.64
(220/600) 5 1 3 19 -> 44.64
(221/600) 4 5 3 6 -> 41.07
(222/600) 3 2 2 9 -> 39.28
(223/600) 4 1 2 7 -> 44.64
(224/600) 4 3 6 6 -> 44.64
(225/600) 5 1 5 12 -> 44.64
(226/600) 9 4 3 14 -> 44.64
(227/600) 2 2 4 9 -> 35.72
(228/600) 9 2 2 19 -> 44.64
(229/600) 2 5 2 15 -> 30.35
(230/600) 7 1 5 15 -> 44.64
(231/600) 9 5 4 10 -> 41.07
(232/600) 2 3 6 9 -> 32.15
(233/600) 4 5 4 18 -> 37.50
(234/600) 10 5 5 13 -> 46.42
(235/600) 7 4 5 19 -> 44.64
(236/600) 4 2 6 15 -> 42.85
(237/600) 9 5 6 9 -> 44.64
(238/600) 5 5 5 15 -> 39.28
(239/600) 7 2 3 19 -> 44.64
(240/600) 2 5 5 10 -> 32.15
(241/600) 6 5 5 12 -> 39.28
(242/600) 6 1 3 10 -> 44.64
(243/600) 6 2 6 8 -> 46.42
(244/600) 4 3 6 8 -> 42.85
(245/600) 6 4 3 8 -> 41.07
(246/600) 7 1 3 10 -> 44.64
(247/600) 6 3 2 15 -> 41.07
(248/600) 3 1 1 10 -> 44.64
(249/600) 6 4 3 18 -> 39.28
(250/600) 7 5 1 7 -> 41.07
(251/600) 9 1 5 11 -> 46.42
(252/600) 10 2 2 6 -> 46.42
(253/600) 4 2 5 5 -> 46.42
(254/600) 10 5 2 8 -> 42.85
(255/600) 10 4 5 18 -> 42.85
(256/600) 2 5 4 6 -> 33.93
(257/600) 2 4 2 14 -> 30.35
(258/600) 3 1 3 6 -> 44.64
(259/600) 5 1 5 19 -> 44.64
(260/600) 2 3 6 15 -> 32.15
(261/600) 9 1 1 13 -> 44.64
(262/600) 4 3 2 5 -> 41.07
(263/600) 4 1 3 19 -> 44.64
(264/600) 3 3 5 15 -> 39.28
(265/600) 5 3 4 13 -> 44.64
(266/600) 10 2 6 17 -> 44.64
(267/600) 4 1 2 12 -> 44.64
(268/600) 6 5 4 9 -> 41.07
(269/600) 7 4 6 14 -> 44.64
(270/600) 7 3 4 8 -> 44.64
(271/600) 9 3 4 20 -> 44.64
(272/600) 4 5 3 15 -> 39.28
(273/600) 10 5 5 15 -> 44.64
(274/600) 6 1 4 19 -> 44.64
(275/600) 3 4 3 12 -> 37.50
(276/600) 4 4 1 15 -> 39.28
(277/600) 7 2 5 15 -> 44.64
(278/600) 9 5 2 7 -> 39.28
(279/600) 6 4 2 9 -> 39.28
(280/600) 2 1 6 8 -> 33.93
(281/600) 7 5 4 19 -> 39.28
(282/600) 10 2 2 11 -> 46.42
(283/600) 8 2 2 10 -> 44.64
(284/600) 2 2 6 13 -> 33.93
(285/600) 7 4 6 17 -> 44.64
(286/600) 2 5 2 6 -> 30.35
(287/600) 8 1 5 10 -> 46.42
(288/600) 5 3 1 15 -> 39.28
(289/600) 4 4 3 20 -> 39.28
(290/600) 5 2 4 12 -> 42.85
(291/600) 8 5 6 5 -> 42.85
(292/600) 5 2 1 10 -> 44.64
(293/600) 5 1 6 12 -> 44.64
(294/600) 9 2 6 15 -> 44.64
(295/600) 3 3 5 16 -> 39.28
(296/600) 10 1 4 12 -> 46.42
(297/600) 7 2 3 14 -> 44.64
(298/600) 4 4 6 8 -> 39.28
(299/600) 9 5 4 6 -> 41.07
(300/600) 9 5 6 17 -> 44.64
(301/600) 8 1 1 20 -> 44.64
(302/600) 9 3 2 13 -> 44.64
(303/600) 8 3 3 13 -> 44.64
(304/600) 10 4 2 13 -> 44.64
(305/600) 10 1 4 15 -> 44.64
(306/600) 7 2 6 10 -> 46.42
(307/600) 7 5 5 6 -> 39.28
(308/600) 4 5 2 19 -> 39.28
(309/600) 5 1 1 13 -> 44.64
(310/600) 6 3 4 6 -> 44.64
(311/600) 10 5 3 15 -> 41.07
(312/600) 7 2 6 19 -> 44.64
(313/600) 5 4 5 7 -> 42.85
(314/600) 5 4 1 20 -> 39.28
(315/600) 10 3 5 12 -> 46.42
(316/600) 10 1 5 5 -> 46.42
(317/600) 9 3 6 19 -> 44.64
(318/600) 2 5 5 10 -> 32.15
(319/600) 4 2 6 14 -> 42.85
(320/600) 6 5 6 5 -> 39.28
(321/600) 2 4 6 13 -> 30.35
(322/600) 7 1 3 15 -> 44.64
(323/600) 10 2 6 13 -> 46.42
(324/600) 2 4 1 8 -> 30.35
(325/600) 3 4 5 15 -> 39.28
(326/600) 6 2 4 10 -> 44.64
(327/600) 8 1 2 10 -> 44.64
(328/600) 7 1 4 20 -> 44.64
(329/600) 4 3 4 18 -> 41.07
(330/600) 2 1 3 20 -> 42.85
(331/600) 9 4 1 11 -> 42.85
(332/600) 3 2 5 7 -> 39.28
(333/600) 4 4 6 12 -> 39.28
(334/600) 4 2 4 6 -> 44.64
(335/600) 2 2 3 19 -> 39.28
(336/600) 2 2 6 11 -> 33.93
(337/600) 3 3 5 15 -> 39.28
(338/600) 10 3 3 9 -> 44.64
(339/600) 5 2 2 15 -> 44.64
(340/600) 8 4 4 18 -> 44.64
(341/600) 4 5 1 7 -> 33.93
(342/600) 9 2 6 20 -> 44.64
(343/600) 10 2 6 11 -> 46.42
(344/600) 2 4 6 15 -> 30.35
(345/600) 7 5 3 7 -> 41.07
(346/600) 5 2 2 5 -> 46.42
(347/600) 7 3 6 16 -> 42.85
(348/600) 7 3 2 16 -> 44.64
(349/600) 8 2 6 18 -> 44.64
(350/600) 3 3 1 7 -> 39.28
(351/600) 9 3 1 16 -> 44.64
(352/600) 6 3 4 8 -> 44.64
(353/600) 5 2 1 15 -> 44.64
(354/600) 3 4 6 8 -> 33.93
(355/600) 10 2 6 14 -> 44.64
(356/600) 3 2 5 19 -> 39.28
(357/600) 5 5 2 16 -> 39.28
(358/600) 9 5 1 9 -> 41.07
(359/600) 2 5 4 6 -> 33.93
(360/600) 7 4 2 5 -> 39.28
(361/600) 9 3 1 10 -> 44.64
(362/600) 3 4 1 12 -> 33.93
(363/600) 4 5 6 11 -> 39.28
(364/600) 10 1 4 11 -> 46.42
(365/600) 3 3 6 5 -> 37.50
(366/600) 4 1 3 8 -> 44.64
(367/600) 4 3 5 8 -> 42.85
(368/600) 4 4 3 14 -> 39.28
(369/600) 10 2 1 8 -> 44.64
(370/600) 5 5 6 17 -> 39.28
(371/600) 8 5 3 15 -> 39.28
(372/600) 5 1 5 9 -> 44.64
(373/600) 10 2 6 5 -> 46.42
(374/600) 10 4 3 8 -> 44.64
(375/600) 7 2 5 9 -> 46.42
(376/600) 6 5 1 5 -> 39.28
(377/600) 9 1 5 12 -> 46.42
(378/600) 6 5 2 6 -> 41.07
(379/600) 9 2 4 5 -> 46.42
(380/600) 2 5 2 9 -> 30.35
(381/600) 4 3 3 12 -> 39.28
(382/600) 10 4 4 10 -> 46.42
(383/600) 10 1 4 15 -> 44.64
(384/600) 2 2 4 18 -> 35.72
(385/600) 8 4 4 14 -> 44.64
(386/600) 3 5 1 14 -> 33.93
(387/600) 7 4 2 8 -> 41.07
(388/600) 5 5 2 9 -> 39.28
(389/600) 10 2 1 18 -> 44.64
(390/600) 9 5 4 5 -> 41.07
(391/600) 4 4 3 8 -> 39.28
(392/600) 10 5 6 8 -> 42.85
(393/600) 9 2 3 16 -> 44.64
(394/600) 5 1 3 12 -> 44.64
(395/600) 2 1 4 19 -> 33.93
(396/600) 2 2 1 12 -> 39.28
(397/600) 4 3 5 9 -> 42.85
(398/600) 7 5 6 15 -> 41.07
(399/600) 2 2 3 11 -> 39.28
(400/600) 8 2 4 19 -> 44.64
(401/600) 2 5 1 11 -> 28.57
(402/600) 5 3 2 19 -> 39.28
(403/600) 10 2 1 17 -> 44.64
(404/600) 3 5 2 19 -> 33.93
(405/600) 8 1 5 14 -> 44.64
(406/600) 9 5 2 20 -> 39.28
(407/600) 10 1 5 17 -> 44.64
(408/600) 3 4 4 17 -> 39.28
(409/600) 4 5 2 16 -> 39.28
(410/600) 8 5 3 5 -> 41.07
(411/600) 4 2 2 15 -> 44.64
(412/600) 2 3 2 19 -> 37.50
(413/600) 4 2 5 12 -> 44.64
(414/600) 7 4 4 6 -> 41.07
(415/600) 2 3 6 6 -> 32.15
(416/600) 4 2 4 12 -> 44.64
(417/600) 4 5 5 7 -> 39.28
(418/600) 7 4 2 15 -> 39.28
(419/600) 4 5 2 17 -> 39.28
(420/600) 2 3 4 5 -> 33.93
(421/600) 8 1 5 10 -> 46.42
(422/600) 4 5 3 19 -> 39.28
(423/600) 5 2 3 19 -> 42.85
(424/600) 3 2 5 20 -> 39.28
(425/600) 8 2 4 15 -> 44.64
(426/600) 5 3 3 13 -> 39.28
(427/600) 3 3 3 9 -> 39.28
(428/600) 5 1 3 8 -> 44.64
(429/600) 5 4 1 14 -> 39.28
(430/600) 9 5 1 5 -> 39.28
(431/600) 3 3 4 17 -> 39.28
(432/600) 6 5 6 6 -> 41.07
(433/600) 6 3 4 9 -> 42.85
(434/600) 3 5 6 6 -> 37.50
(435/600) 7 1 1 6 -> 44.64
(436/600) 10 2 4 17 -> 44.64
(437/600) 9 2 4 5 -> 46.42
(438/600) 6 1 5 10 -> 44.64
(439/600) 3 4 4 8 -> 39.28
(440/600) 10 2 6 20 -> 44.64
(441/600) 3 1 5 11 -> 42.85
(442/600) 4 4 6 13 -> 39.28
(443/600) 7 5 1 5 -> 39.28
(444/600) 5 3 6 7 -> 42.85
(445/600) 4 5 2 19 -> 39.28
(446/600) 6 2 2 10 -> 44.64
(447/600) 8 2 2 9 -> 46.42
(448/600) 2 4 5 6 -> 30.35
(449/600) 7 5 1 10 -> 39.28
(450/600) 5 5 6 7 -> 39.28
(451/600) 2 5 6 17 -> 30.35
(452/600) 3 3 6 12 -> 35.72
(453/600) 4 1 6 13 -> 42.85
(454/600) 5 5 6 10 -> 39.28
(455/600) 6 1 4 18 -> 44.64
(456/600) 7 1 5 8 -> 46.42
(457/600) 9 2 6 20 -> 44.64
(458/600) 10 4 5 17 -> 42.85
(459/600) 10 2 3 11 -> 46.42
(460/600) 9 1 5 7 -> 46.42
(461/600) 4 5 3 16 -> 39.28
(462/600) 5 2 4 7 -> 42.85
(463/600) 7 3 3 19 -> 44.64
(464/600) 4 5 6 17 -> 39.28
(465/600) 6 2 5 18 -> 44.64
(466/600) 3 4 2 11 -> 39.28
(467/600) 10 1 1 18 -> 44.64
(468/600) 7 1 4 5 -> 46.42
(469/600) 5 2 1 19 -> 44.64
(470/600) 7 4 1 14 -> 39.28
(471/600) 3 2 4 20 -> 41.07
(472/600) 5 4 1 12 -> 39.28
(473/600) 8 3 3 5 -> 44.64
(474/600) 6 2 4 18 -> 44.64
(475/600) 9 3 1 11 -> 44.64
(476/600) 9 3 5 6 -> 44.64
(477/600) 9 1 6 12 -> 46.42
(478/600) 6 2 2 13 -> 44.64
(479/600) 3 1 5 19 -> 42.85
(480/600) 5 2 6 7 -> 46.42
(481/600) 3 3 1 7 -> 39.28
(482/600) 7 3 4 11 -> 42.85
(483/600) 2 4 5 7 -> 30.35
(484/600) 10 3 5 10 -> 46.42
(485/600) 7 1 4 13 -> 44.64
(486/600) 3 5 4 10 -> 39.28
(487/600) 6 3 1 11 -> 42.85
(488/600) 7 5 2 11 -> 39.28
(489/600) 7 5 5 13 -> 39.28
(490/600) 9 3 4 19 -> 44.64
(491/600) 9 5 6 15 -> 44.64
(492/600) 3 3 6 6 -> 35.72
(493/600) 6 5 2 15 -> 39.28
(494/600) 9 5 2 14 -> 39.28
(495/600) 10 4 6 7 -> 42.85
(496/600) 6 4 2 8 -> 39.28
(497/600) 10 2 2 14 -> 44.64
(498/600) 10 2 5 7 -> 46.42
(499/600) 3 4 3 6 -> 37.50
(500/600) 10 2 6 16 -> 44.64
(501/600) 2 1 2 7 -> 44.64
(502/600) 6 5 3 11 -> 39.28
(503/600) 7 1 5 13 -> 44.64
(504/600) 5 5 6 16 -> 39.28
(505/600) 5 4 6 14 -> 41.07
(506/600) 7 1 5 19 -> 44.64
(507/600) 9 5 3 6 -> 41.07
(508/600) 7 2 6 17 -> 44.64
(509/600) 3 3 4 18 -> 39.28
(510/600) 2 3 2 12 -> 37.50
(511/600) 4 4 4 11 -> 39.28
(512/600) 10 3 3 11 -> 46.42
(513/600) 10 2 5 7 -> 46.42
(514/600) 6 4 5 16 -> 42.85
(515/600) 4 1 6 9 -> 42.85
(516/600) 2 1 4 17 -> 33.93
(517/600) 9 2 5 11 -> 46.42
(518/600) 4 4 2 6 -> 39.28
(519/600) 6 5 1 20 -> 39.28
(520/600) 10 4 3 18 -> 44.64
(521/600) 5 3 4 15 -> 44.64
(522/600) 4 3 2 14 -> 39.28
(523/600) 7 3 1 6 -> 42.85
(524/600) 7 2 5 6 -> 44.64
(525/600) 10 4 6 10 -> 44.64
(526/600) 3 3 5 6 -> 39.28
(527/600) 2 3 4 9 -> 33.93
(528/600) 10 5 5 17 -> 44.64
(529/600) 10 3 1 10 -> 46.42
(530/600) 8 5 2 5 -> 39.28
(531/600) 3 2 3 11 -> 42.85
(532/600) 9 5 5 6 -> 41.07
(533/600) 3 5 3 7 -> 37.50
(534/600) 6 5 5 8 -> 41.07
(535/600) 10 5 2 15 -> 42.85
(536/600) 5 3 2 17 -> 39.28
(537/600) 4 4 5 19 -> 39.28
(538/600) 4 5 1 16 -> 33.93
(539/600) 6 3 6 10 -> 44.64
(540/600) 10 4 1 15 -> 42.85
(541/600) 5 3 6 15 -> 41.07
(542/600) 5 3 5 11 -> 42.85
(543/600) 2 3 6 15 -> 32.15
(544/600) 6 2 1 16 -> 44.64
(545/600) 5 1 5 12 -> 44.64
(546/600) 8 5 5 14 -> 39.28
(547/600) 5 2 2 16 -> 44.64
(548/600) 4 1 1 19 -> 44.64
(549/600) 3 4 3 8 -> 37.50
(550/600) 8 3 6 12 -> 42.85
(551/600) 5 1 4 5 -> 46.42
(552/600) 3 2 2 5 -> 39.28
(553/600) 3 3 1 9 -> 39.28
(554/600) 10 4 4 6 -> 44.64
(555/600) 2 2 5 13 -> 32.15
(556/600) 9 5 2 18 -> 39.28
(557/600) 8 1 6 6 -> 46.42
(558/600) 8 3 3 17 -> 44.64
(559/600) 8 1 2 10 -> 44.64
(560/600) 5 4 3 13 -> 39.28
(561/600) 8 5 5 9 -> 41.07
(562/600) 3 1 2 19 -> 44.64
(563/600) 10 1 5 13 -> 46.42
(564/600) 8 1 5 10 -> 46.42
(565/600) 5 4 3 12 -> 39.28
(566/600) 6 5 1 17 -> 39.28
(567/600) 7 3 1 12 -> 42.85
(568/600) 7 3 2 8 -> 46.42
(569/600) 3 4 4 11 -> 39.28
(570/600) 2 4 5 7 -> 30.35
(571/600) 6 4 5 19 -> 42.85
(572/600) 5 1 4 19 -> 44.64
(573/600) 3 1 1 14 -> 44.64
(574/600) 8 1 1 11 -> 44.64
(575/600) 8 5 6 6 -> 41.07
(576/600) 4 3 3 6 -> 41.07
(577/600) 3 4 3 9 -> 37.50
(578/600) 5 5 4 19 -> 39.28
(579/600) 10 5 1 18 -> 42.85
(580/600) 7 5 2 20 -> 39.28
(581/600) 2 1 1 15 -> 44.64
(582/600) 4 3 2 14 -> 39.28
(583/600) 9 5 5 6 -> 41.07
(584/600) 9 4 2 9 -> 44.64
(585/600) 8 1 2 5 -> 46.42
(586/600) 2 5 1 19 -> 28.57
(587/600) 3 4 5 18 -> 39.28
(588/600) 5 3 1 16 -> 39.28
(589/600) 8 3 6 18 -> 42.85
(590/600) 10 5 4 19 -> 41.07
(591/600) 10 2 4 6 -> 46.42
(592/600) 2 1 5 6 -> 32.15
(593/600) 5 5 2 16 -> 39.28
(594/600) 8 1 5 14 -> 44.64
(595/600) 5 3 2 11 -> 39.28
(596/600) 3 4 3 10 -> 37.50
(597/600) 4 4 3 11 -> 39.28
(598/600) 10 2 2 16 -> 44.64
(599/600) 9 2 2 14 -> 44.64
(600/600) 2 3 5 18 -> 32.15
