(1/600) 2 1 4 5 -> 39.00
(2/600) 6 4 4 7 -> 39.00
(3/600) 3 3 5 2 -> 39.00
(4/600) 4 5 6 5 -> 39.00
(5/600) 7 3 2 1 -> 39.00
(6/600) 9 1 1 2 -> 39.00
(7/600) 2 3 3 3 -> 39.00
(8/600) 10 5 4 7 -> 39.00
(9/600) 9 2 2 3 -> 39.00
(10/600) 7 3 6 7 -> 39.00
(11/600) 5 1 6 6 -> 39.00
(12/600) 3 2 1 5 -> 39.00
(13/600) 9 1 4 4 -> 39.00
(14/600) 2 2 1 5 -> 39.00
(15/600) 3 5 5 4 -> 39.00
(16/600) 5 1 3 1 -> 39.00
(17/600) 7 2 3 5 -> 39.00
(18/600) 10 5 5 6 -> 39.00
(19/600) 4 5 4 1 -> 39.00
(20/600) 9 4 4 3 -> 32.00
(21/600) 6 1 5 2 -> 35.00
(22/600) 8 5 1 4 -> 32.00
(23/600) 5 1 4 5 -> 35.00
(24/600) 4 4 2 6 -> 35.00
(25/600) 6 2 3 1 -> 42.00
(26/600) 4 1 4 5 -> 39.00
(27/600) 10 3 5 4 -> 35.00
(28/600) 6 4 3 6 -> 39.00
(29/600) 2 1 4 5 -> 39.00
(30/600) 4 2 1 5 -> 28.00
(31/600) 3 3 3 3 -> 35.00
(32/600) 8 1 5 7 -> 42.00
(33/600) 2 3 1 7 -> 35.00
(34/600) 4 4 3 2 -> 39.00
(35/600) 9 4 5 7 -> 39.00
(36/600) 3 2 3 3 -> 35.00
(37/600) 2 3 1 2 -> 32.00
(38/600) 8 5 4 7 -> 39.00
(39/600) 3 1 5 6 -> 35.00
(40/600) 2 5 2 2 -> 42.00
(41/600) 6 1 3 6 -> 42.00
(42/600) 5 2 1 3 -> 39.00
(43/600) 4 4 3 3 -> 39.00
(44/600) 9 3 3 4 -> 32.00
(45/600) 6 3 3 7 -> 35.00
(46/600) 7 3 1 5 -> 39.00
(47/600) 9 3 1 2 -> 35.00
(48/600) 4 4 2 4 -> 39.00
(49/600) 2 1 5 2 -> 35.00
(50/600) 9 3 2 1 -> 42.00
(51/600) 7 3 1 6 -> 32.00
(52/600) 9 3 2 1 -> 42.00
(53/600) 6 5 3 2 -> 39.00
(54/600) 8 1 1 3 -> 32.00
(55/600) 8 5 4 4 -> 32.00
(56/600) 4 3 3 4 -> 39.00
(57/600) 4 4 4 4 -> 35.00
(58/600) 6 5 5 6 -> 39.00
(59/600) 9 3 6 1 -> 32.00
(60/600) 6 3 2 2 -> 39.00
(61/600) 3 3 4 5 -> 32.00
(62/600) 9 2 3 4 -> 35.00
(63/600) 5 2 6 5 -> 42.00
(64/600) 4 5 4 2 -> 32.00
(65/600) 2 1 3 7 -> 39.00
(66/600) 8 4 5 6 -> 39.00
(67/600) 4 4 3 4 -> 39.00
(68/600) 3 1 1 7 -> 39.00
(69/600) 2 3 3 2 -> 42.00
(70/600) 7 2 2 7 -> 39.00
(71/600) 7 3 2 6 -> 39.00
(72/600) 4 3 3 7 -> 35.00
(73/600) 8 3 2 4 -> 39.00
(74/600) 5 1 5 1 -> 32.00
(75/600) 7 3 1 6 -> 32.00
(76/600) 10 3 4 4 -> 28.00
(77/600) 2 3 5 1 -> 32.00
(78/600) 8 2 4 7 -> 39.00
(79/600) 7 4 1 4 -> 32.00
(80/600) 10 2 4 3 -> 39.00
(81/600) 7 2 1 5 -> 39.00
(82/600) 7 1 1 3 -> 39.00
(83/600) 10 4 1 3 -> 32.00
(84/600) 2 2 6 2 -> 28.00
(85/600) 10 4 3 2 -> 42.00
(86/600) 7 5 6 6 -> 39.00
(87/600) 9 4 5 5 -> 39.00
(88/600) 4 3 2 4 -> 39.00
(89/600) 3 4 4 5 -> 32.00
(90/600) 2 4 3 6 -> 39.00
(91/600) 6 4 4 1 -> 39.00
(92/600) 8 1 1 1 -> 32.00
(93/600) 6 4 2 6 -> 39.00
(94/600) 9 4 1 5 -> 39.00
(95/600) 7 5 6 2 -> 39.00
(96/600) 2 5 2 1 -> 35.00
(97/600) 3 2 6 6 -> 42.00
(98/600) 6 5 3 1 -> 39.00
(99/600) 5 5 1 6 -> 28.00
(100/600) 4 1 3 5 -> 39.00
(101/600) 4 2 1 6 -> 28.00
(102/600) 3 1 6 6 -> 39.00
(103/600) 3 1 2 6 -> 35.00
(104/600) 3 4 6 3 -> 42.00
(105/600) 5 2 4 7 -> 28.00
(106/600) 5 3 6 1 -> 32.00
(107/600) 3 3 2 4 -> 35.00
(108/600) 6 3 2 1 -> 42.00
(109/600) 2 3 5 1 -> 32.00
(110/600) 9 3 5 1 -> 35.00
(111/600) 10 3 4 1 -> 39.00
(112/600) 4 3 2 7 -> 39.00
(113/600) 6 3 3 7 -> 35.00
(114/600) 3 1 5 1 -> 35.00
(115/600) 8 4 4 3 -> 39.00
(116/600) 10 4 6 2 -> 35.00
(117/600) 4 3 4 7 -> 35.00
(118/600) 5 1 2 7 -> 35.00
(119/600) 7 2 6 4 -> 39.00
(120/600) 6 1 3 1 -> 39.00
(121/600) 4 5 5 2 -> 39.00
(122/600) 8 5 4 3 -> 39.00
(123/600) 8 3 1 5 -> 32.00
(124/600) 10 1 5 3 -> 35.00
(125/600) 6 5 4 7 -> 35.00
(126/600) 9 5 4 6 -> 32.00
(127/600) 4 2 2 3 -> 39.00
(128/600) 2 5 6 5 -> 32.00
(129/600) 4 3 1 1 -> 35.00
(130/600) 3 2 3 2 -> 32.00
(131/600) 7 1 6 6 -> 42.00
(132/600) 10 3 1 7 -> 32.00
(133/600) 4 3 1 5 -> 28.00
(134/600) 8 4 4 5 -> 39.00
(135/600) 10 1 3 6 -> 42.00
(136/600) 7 3 3 7 -> 32.00
(137/600) 9 3 2 5 -> 39.00
(138/600) 3 3 2 7 -> 39.00
(139/600) 3 3 5 2 -> 39.00
(140/600) 7 4 4 2 -> 32.00
(141/600) 6 4 3 2 -> 39.00
(142/600) 2 1 6 7 -> 32.00
(143/600) 7 2 3 2 -> 32.00
(144/600) 9 1 1 2 -> 32.00
